> Task :spotbugsMain
M V EI2: new me.clip.placeholderapi.events.ExpansionUnregisterEvent(PlaceholderExpansion) may expose internal representation by storing an externally mutable object into ExpansionUnregisterEvent.expansion  At ExpansionUnregisterEvent.java:[line 46]
M V EI: me.clip.placeholderapi.events.ExpansionUnregisterEvent.getExpansion() may expose internal representation by returning ExpansionUnregisterEvent.expansion  At ExpansionUnregisterEvent.java:[line 61]
M V DP: me.clip.placeholderapi.util.FileUtil.findClass(File, Class) creates a java.net.URLClassLoader classloader, which should be performed within a doPrivileged block  At FileUtil.java:[line 45]
M V EI: me.clip.placeholderapi.expansion.manager.MethodSignature.getParams() may expose internal representation by returning MethodSignature.params  At MethodSignature.java:[line 40]
M D NP: Possible null pointer dereference in me.clip.placeholderapi.expansion.PlaceholderExpansion.canRegister() due to return value of called method  Method invoked at PlaceholderExpansion.java:[line 138]
M B HE: me.clip.placeholderapi.expansion.PlaceholderExpansion defines equals and uses Object.hashCode()  At PlaceholderExpansion.java:[lines 405-414]
M V EI: me.clip.placeholderapi.events.ExpansionRegisterEvent.getExpansion() may expose internal representation by returning ExpansionRegisterEvent.expansion  At ExpansionRegisterEvent.java:[line 62]
M V EI2: new me.clip.placeholderapi.events.ExpansionRegisterEvent(PlaceholderExpansion) may expose internal representation by storing an externally mutable object into ExpansionRegisterEvent.expansion  At ExpansionRegisterEvent.java:[line 45]
M V EI: me.clip.placeholderapi.events.ExpansionsLoadedEvent.getExpansions() may expose internal representation by returning ExpansionsLoadedEvent.expansions  At ExpansionsLoadedEvent.java:[line 57]
M V EI2: new me.clip.placeholderapi.commands.PlaceholderCommandRouter(PlaceholderAPIPlugin) may expose internal representation by storing an externally mutable object into PlaceholderCommandRouter.plugin  At PlaceholderCommandRouter.java:[line 75]
H D NP: Method me.clip.placeholderapi.replacer.CharsReplacer.apply(String, OfflinePlayer, Function) overrides the nullness annotation of parameter lookup in an incompatible way  At CharsReplacer.java:[lines 45-134]
M V EI: me.clip.placeholderapi.expansion.cloud.CloudExpansion.getPlaceholders() may expose internal representation by returning CloudExpansion.placeholders  At CloudExpansion.java:[line 159]
M V EI2: me.clip.placeholderapi.expansion.cloud.CloudExpansion.setVersions(List) may expose internal representation by storing an externally mutable object into CloudExpansion.versions  At CloudExpansion.java:[line 171]
M V EI2: me.clip.placeholderapi.expansion.cloud.CloudExpansion.setPlaceholders(List) may expose internal representation by storing an externally mutable object into CloudExpansion.placeholders  At CloudExpansion.java:[line 163]
M V EI: me.clip.placeholderapi.expansion.cloud.CloudExpansion.getVersions() may expose internal representation by returning CloudExpansion.versions  At CloudExpansion.java:[line 167]
H D ST: Write to static field me.clip.placeholderapi.PlaceholderAPIPlugin.instance from instance method me.clip.placeholderapi.PlaceholderAPIPlugin.onLoad()  At PlaceholderAPIPlugin.java:[line 136]
M D ST: Write to static field me.clip.placeholderapi.PlaceholderAPIPlugin.instance from instance method me.clip.placeholderapi.PlaceholderAPIPlugin.onDisable()  At PlaceholderAPIPlugin.java:[line 170]
M V EI: me.clip.placeholderapi.PlaceholderAPIPlugin.getPlaceholderAPIConfig() may expose internal representation by returning PlaceholderAPIPlugin.config  At PlaceholderAPIPlugin.java:[line 213]
M V MS: Public static me.clip.placeholderapi.PlaceholderAPIPlugin.getInstance() may expose internal representation by returning PlaceholderAPIPlugin.instance  At PlaceholderAPIPlugin.java:[line 90]
M D NP: Possible null pointer dereference in me.clip.placeholderapi.expansion.manager.LocalExpansionManager.registerAll(CommandSender) due to return value of called method  Method invoked at LocalExpansionManager.java:[line 355]
M V EI2: new me.clip.placeholderapi.expansion.manager.LocalExpansionManager(PlaceholderAPIPlugin) may expose internal representation by storing an externally mutable object into LocalExpansionManager.plugin  At LocalExpansionManager.java:[line 91]
M D DCN: Do not catch NullPointerException like in me.clip.placeholderapi.expansion.manager.LocalExpansionManager.register(Class)  At LocalExpansionManager.java:[line 199]
M V EI2: new me.clip.placeholderapi.expansion.manager.CloudExpansionManager(PlaceholderAPIPlugin) may expose internal representation by storing an externally mutable object into CloudExpansionManager.plugin  At CloudExpansionManager.java:[line 88]
M D NP: Possible null pointer dereference in me.clip.placeholderapi.configuration.PlaceholderAPIConfig.getExpansionSort() due to return value of called method  Dereferenced at PlaceholderAPIConfig.java:[line 67]
M D NP: Possible null pointer dereference in me.clip.placeholderapi.configuration.PlaceholderAPIConfig.dateFormat() due to return value of called method  Returned at PlaceholderAPIConfig.java:[line 77]
M D NP: Possible null pointer dereference in me.clip.placeholderapi.configuration.PlaceholderAPIConfig.booleanFalse() due to return value of called method  Returned at PlaceholderAPIConfig.java:[line 90]
M D NP: Possible null pointer dereference in me.clip.placeholderapi.configuration.PlaceholderAPIConfig.booleanTrue() due to return value of called method  Returned at PlaceholderAPIConfig.java:[line 84]
M V EI2: new me.clip.placeholderapi.configuration.PlaceholderAPIConfig(PlaceholderAPIPlugin) may expose internal representation by storing an externally mutable object into PlaceholderAPIConfig.plugin  At PlaceholderAPIConfig.java:[line 33]
M D SF: Switch statement found in me.clip.placeholderapi.commands.impl.local.CommandParse.evaluate(PlaceholderAPIPlugin, CommandSender, String, List) where default case is missing  At CommandParse.java:[lines 52-63]
M D SF: Switch statement found in me.clip.placeholderapi.commands.impl.local.CommandParse.complete(PlaceholderAPIPlugin, CommandSender, String, List, List) where default case is missing  At CommandParse.java:[lines 72-79]
M V EI2: new me.clip.placeholderapi.listeners.ServerLoadEventListener(PlaceholderAPIPlugin) may expose internal representation by storing an externally mutable object into ServerLoadEventListener.plugin  At ServerLoadEventListener.java:[line 37]
M D NP: Possible null pointer dereference in me.clip.placeholderapi.commands.impl.cloud.CommandECloudUpdate.evaluate(PlaceholderAPIPlugin, CommandSender, String, List) due to return value of called method  Method invoked at CommandECloudUpdate.java:[line 95]
M D NP: Possible null pointer dereference in me.clip.placeholderapi.commands.impl.local.CommandExpansionRegister.evaluate(PlaceholderAPIPlugin, CommandSender, String, List) due to return value of called method  Method invoked at CommandExpansionRegister.java:[line 63]
M V EI2: new me.clip.placeholderapi.updatechecker.UpdateChecker(PlaceholderAPIPlugin) may expose internal representation by storing an externally mutable object into UpdateChecker.plugin  At UpdateChecker.java:[line 45]
M B OS: me.clip.placeholderapi.updatechecker.UpdateChecker.lambda$fetch$1() may fail to close stream  At UpdateChecker.java:[line 63]
M D REC: Exception is caught when Exception is not thrown in me.clip.placeholderapi.updatechecker.UpdateChecker.lambda$fetch$1()  At UpdateChecker.java:[line 64]
H I Dm: Found reliance on default encoding in me.clip.placeholderapi.updatechecker.UpdateChecker.lambda$fetch$1(): new java.io.InputStreamReader(InputStream)  At UpdateChecker.java:[line 63]
M P SS: Unread field: me.clip.placeholderapi.updatechecker.UpdateChecker.RESOURCE_ID; should this field be static?  At UpdateChecker.java:[line 38]
SpotBugs ended with exit code 1